<?xml version="1.0" encoding="UTF-8"?>
<testsuite name="plum.tv.core.data.PlaybackSessionWsUpdateParserTest" tests="3" skipped="0" failures="0" errors="0" timestamp="2026-04-06T01:59:02.017Z" hostname="shire" time="0.012">
  <properties/>
  <testcase name="parsePlaybackSessionUpdate_returnsNullOnInvalidJson" classname="plum.tv.core.data.PlaybackSessionWsUpdateParserTest" time="0.006"/>
  <testcase name="parsePlaybackSessionUpdate_rejectsWrongType" classname="plum.tv.core.data.PlaybackSessionWsUpdateParserTest" time="0.005"/>
  <testcase name="parsePlaybackSessionUpdate_acceptsValidPayload" classname="plum.tv.core.data.PlaybackSessionWsUpdateParserTest" time="0.0"/>
  <system-out><![CDATA[]]></system-out>
  <system-err><![CDATA[]]></system-err>
</testsuite>
