<?xml version="1.0" encoding="UTF-8"?>
<testsuite name="plum.tv.core.data.LibraryCatalogRefreshCoordinatorTest" tests="4" skipped="0" failures="0" errors="0" timestamp="2026-04-06T01:59:01.145Z" hostname="shire" time="0.87">
  <properties/>
  <testcase name="applyScanStatusFromRest_matchesWebSocketScanningPath" classname="plum.tv.core.data.LibraryCatalogRefreshCoordinatorTest" time="0.851"/>
  <testcase name="scanningStatus_invalidatesOncePerMeaningfulChange" classname="plum.tv.core.data.LibraryCatalogRefreshCoordinatorTest" time="0.013"/>
  <testcase name="idleStatus_doesNotInvalidate" classname="plum.tv.core.data.LibraryCatalogRefreshCoordinatorTest" time="0.002"/>
  <testcase name="handleWebSocketText_invalidJson_returnsFalse" classname="plum.tv.core.data.LibraryCatalogRefreshCoordinatorTest" time="0.002"/>
  <system-out><![CDATA[]]></system-out>
  <system-err><![CDATA[WARNING: A Java agent has been loaded dynamically (/tmp/cursor-sandbox-cache/60cfa7dd6b1074de1833a53f8d25235d/gradle/caches/modules-2/files-2.1/net.bytebuddy/byte-buddy-agent/1.14.17/e3c251a39dc90badaf71c83427ba46840f219d8d/byte-buddy-agent-1.14.17.jar)
WARNING: If a serviceability tool is in use, please run with -XX:+EnableDynamicAgentLoading to hide this warning
WARNING: If a serviceability tool is not in use, please run with -Djdk.instrument.traceUsage for more information
WARNING: Dynamic loading of agents will be disallowed by default in a future release
]]></system-err>
</testsuite>
