<?xml version="1.0" encoding="UTF-8"?>
<testsuite name="plum.tv.core.network.DiscoverOriginTest" tests="2" skipped="0" failures="0" errors="0" timestamp="2026-04-08T03:15:35.674Z" hostname="shire" time="0.01">
  <properties/>
  <testcase name="normalizeKey_validAlpha2" classname="plum.tv.core.network.DiscoverOriginTest" time="0.006"/>
  <testcase name="normalizeKey_emptyOrInvalid" classname="plum.tv.core.network.DiscoverOriginTest" time="0.001"/>
  <system-out><![CDATA[]]></system-out>
  <system-err><![CDATA[]]></system-err>
</testsuite>
